IoT_G11_SPRINT_1/app/build/intermediates/manifest_merge_blame_file/debug/manifest-merger-blame-debug-report.txt
1<?xml version="1.0" encoding="utf-8"?>
2<manifest xmlns:android="http://schemas.android.com/apk/res/android"
3    package="es.upv.epsg.iot_g1_1"
4    android:versionCode="1"
5    android:versionName="1.0" >
6
7    <uses-sdk
8        android:minSdkVersion="21"
8-->src/main/AndroidManifest.xml
9        android:targetSdkVersion="32" />
9-->src/main/AndroidManifest.xml
10
11    <uses-permission android:name="android.permission.ACCESS_NETWORK_STATE" />
11-->[com.firebaseui:firebase-ui-auth:7.1.1] AndroidManifest.xml:12:5-79
11-->[com.firebaseui:firebase-ui-auth:7.1.1] AndroidManifest.xml:12:22-76
12    <uses-permission android:name="android.permission.INTERNET" />
12-->[com.firebaseui:firebase-ui-auth:7.1.1] AndroidManifest.xml:13:5-67
12-->[com.firebaseui:firebase-ui-auth:7.1.1] AndroidManifest.xml:13:22-64
13    <uses-permission android:name="android.permission.WAKE_LOCK" />
13-->[com.google.android.gms:play-services-measurement-api:21.2.0] AndroidManifest.xml:24:5-68
13-->[com.google.android.gms:play-services-measurement-api:21.2.0] AndroidManifest.xml:24:22-65
14    <uses-permission android:name="com.google.android.gms.permission.AD_ID" />
14-->[com.google.android.gms:play-services-measurement-api:21.2.0] AndroidManifest.xml:25:5-79
14-->[com.google.android.gms:play-services-measurement-api:21.2.0] AndroidManifest.xml:25:22-76
15    <uses-permission android:name="com.google.android.finsky.permission.BIND_GET_INSTALL_REFERRER_SERVICE" />
15-->[com.google.android.gms:play-services-measurement:21.2.0] AndroidManifest.xml:26:5-110
15-->[com.google.android.gms:play-services-measurement:21.2.0] AndroidManifest.xml:26:22-107
16
17    <application
17-->src/main/AndroidManifest.xml:6:5-40:19
18        android:allowBackup="true"
18-->src/main/AndroidManifest.xml:7:9-35
19        android:appComponentFactory="androidx.core.app.CoreComponentFactory"
19-->[androidx.core:core:1.8.0] AndroidManifest.xml:24:18-86
20        android:dataExtractionRules="@xml/data_extraction_rules"
20-->src/main/AndroidManifest.xml:8:9-65
21        android:debuggable="true"
22        android:fullBackupContent="@xml/backup_rules"
22-->src/main/AndroidManifest.xml:9:9-54
23        android:icon="@mipmap/ic_launcher"
23-->src/main/AndroidManifest.xml:10:9-43
24        android:label="@string/app_name"
24-->src/main/AndroidManifest.xml:11:9-41
25        android:roundIcon="@mipmap/ic_launcher_round"
25-->src/main/AndroidManifest.xml:12:9-54
26        android:supportsRtl="true"
26-->src/main/AndroidManifest.xml:13:9-35
27        android:testOnly="true"
28        android:theme="@style/Theme.IoT_G11" >
28-->src/main/AndroidManifest.xml:14:9-45
29        <activity
29-->src/main/AndroidManifest.xml:16:9-20:64
30            android:name="es.upv.epsg.iot_g1_1.MainActivity"
30-->src/main/AndroidManifest.xml:17:13-41
31            android:exported="false"
31-->src/main/AndroidManifest.xml:18:13-37
32            android:label="@string/title_activity_main"
32-->src/main/AndroidManifest.xml:19:13-56
33            android:theme="@style/Theme.IoT_G11.NoActionBar" />
33-->src/main/AndroidManifest.xml:20:13-61
34        <activity
34-->src/main/AndroidManifest.xml:21:9-22:60
35            android:name="es.upv.epsg.iot_g1_1.UsuarioActivity"
35-->src/main/AndroidManifest.xml:21:19-50
36            android:label="Información sobre el usuario" />
36-->src/main/AndroidManifest.xml:22:13-57
37        <activity
37-->src/main/AndroidManifest.xml:23:9-31:20
38            android:name="es.upv.epsg.iot_g1_1.LoginActivity"
38-->src/main/AndroidManifest.xml:24:13-42
39            android:exported="true" >
39-->src/main/AndroidManifest.xml:25:13-36
40            <intent-filter>
40-->src/main/AndroidManifest.xml:26:13-30:29
41                <action android:name="android.intent.action.MAIN" />
41-->src/main/AndroidManifest.xml:27:17-69
41-->src/main/AndroidManifest.xml:27:25-66
42
43                <category android:name="android.intent.category.LAUNCHER" />
43-->src/main/AndroidManifest.xml:29:17-77
43-->src/main/AndroidManifest.xml:29:27-74
44            </intent-filter>
45        </activity>
46        <activity
46-->src/main/AndroidManifest.xml:32:9-34:66
47            android:name="es.upv.epsg.iot_g1_1.AcercaDeActivity"
47-->src/main/AndroidManifest.xml:32:19-51
48            android:label="Acerca de ..."
48-->src/main/AndroidManifest.xml:33:13-42
49            android:theme="@style/Theme.AppCompat.Light.Dialog" />
49-->src/main/AndroidManifest.xml:34:13-64
50        <activity
50-->src/main/AndroidManifest.xml:35:9-37:15
51            android:name="es.upv.epsg.iot_g1_1.CambioDatos"
51-->src/main/AndroidManifest.xml:35:19-46
52            android:label="Cambia tus datos" />
52-->src/main/AndroidManifest.xml:36:13-45
53
54        <meta-data
54-->[com.firebaseui:firebase-ui-auth:7.1.1] AndroidManifest.xml:16:9-18:69
55            android:name="com.google.android.gms.version"
55-->[com.firebaseui:firebase-ui-auth:7.1.1] AndroidManifest.xml:17:13-58
56            android:value="@integer/google_play_services_version" />
56-->[com.firebaseui:firebase-ui-auth:7.1.1] AndroidManifest.xml:18:13-66
57        <meta-data
57-->[com.firebaseui:firebase-ui-auth:7.1.1] AndroidManifest.xml:19:9-21:63
58            android:name="com.facebook.sdk.ApplicationId"
58-->[com.firebaseui:firebase-ui-auth:7.1.1] AndroidManifest.xml:20:13-58
59            android:value="@string/facebook_application_id" />
59-->[com.firebaseui:firebase-ui-auth:7.1.1] AndroidManifest.xml:21:13-60
60
61        <activity
61-->[com.firebaseui:firebase-ui-auth:7.1.1] AndroidManifest.xml:23:9-27:61
62            android:name="com.firebase.ui.auth.KickoffActivity"
62-->[com.firebaseui:firebase-ui-auth:7.1.1] AndroidManifest.xml:24:13-64
63            android:exported="false"
63-->[com.firebaseui:firebase-ui-auth:7.1.1] AndroidManifest.xml:25:13-37
64            android:label=""
64-->[com.firebaseui:firebase-ui-auth:7.1.1] AndroidManifest.xml:26:13-29
65            android:theme="@style/FirebaseUI.Transparent" />
65-->[com.firebaseui:firebase-ui-auth:7.1.1] AndroidManifest.xml:27:13-58
66        <activity
66-->[com.firebaseui:firebase-ui-auth:7.1.1] AndroidManifest.xml:28:9-32:61
67            android:name="com.firebase.ui.auth.ui.idp.SingleSignInActivity"
67-->[com.firebaseui:firebase-ui-auth:7.1.1] AndroidManifest.xml:29:13-76
68            android:exported="false"
68-->[com.firebaseui:firebase-ui-auth:7.1.1] AndroidManifest.xml:30:13-37
69            android:label=""
69-->[com.firebaseui:firebase-ui-auth:7.1.1] AndroidManifest.xml:31:13-29
70            android:theme="@style/FirebaseUI.Transparent" />
70-->[com.firebaseui:firebase-ui-auth:7.1.1] AndroidManifest.xml:32:13-58
71        <activity
71-->[com.firebaseui:firebase-ui-auth:7.1.1] AndroidManifest.xml:33:9-37:61
72            android:name="com.firebase.ui.auth.ui.credentials.CredentialSaveActivity"
72-->[com.firebaseui:firebase-ui-auth:7.1.1] AndroidManifest.xml:34:13-86
73            android:exported="false"
73-->[com.firebaseui:firebase-ui-auth:7.1.1] AndroidManifest.xml:35:13-37
74            android:label=""
74-->[com.firebaseui:firebase-ui-auth:7.1.1] AndroidManifest.xml:36:13-29
75            android:theme="@style/FirebaseUI.Transparent" />
75-->[com.firebaseui:firebase-ui-auth:7.1.1] AndroidManifest.xml:37:13-58
76        <activity
76-->[com.firebaseui:firebase-ui-auth:7.1.1] AndroidManifest.xml:38:9-42:58
77            android:name="com.firebase.ui.auth.ui.email.RecoverPasswordActivity"
77-->[com.firebaseui:firebase-ui-auth:7.1.1] AndroidManifest.xml:39:13-81
78            android:exported="false"
78-->[com.firebaseui:firebase-ui-auth:7.1.1] AndroidManifest.xml:40:13-37
79            android:label="@string/fui_title_recover_password_activity"
79-->[com.firebaseui:firebase-ui-auth:7.1.1] AndroidManifest.xml:41:13-72
80            android:windowSoftInputMode="adjustResize" />
80-->[com.firebaseui:firebase-ui-auth:7.1.1] AndroidManifest.xml:42:13-55
81        <activity
81-->[com.firebaseui:firebase-ui-auth:7.1.1] AndroidManifest.xml:43:9-47:58
82            android:name="com.firebase.ui.auth.ui.email.EmailActivity"
82-->[com.firebaseui:firebase-ui-auth:7.1.1] AndroidManifest.xml:44:13-71
83            android:exported="false"
83-->[com.firebaseui:firebase-ui-auth:7.1.1] AndroidManifest.xml:45:13-37
84            android:label="@string/fui_sign_in_default"
84-->[com.firebaseui:firebase-ui-auth:7.1.1] AndroidManifest.xml:46:13-56
85            android:windowSoftInputMode="adjustResize" />
85-->[com.firebaseui:firebase-ui-auth:7.1.1] AndroidManifest.xml:47:13-55
86        <activity
86-->[com.firebaseui:firebase-ui-auth:7.1.1] AndroidManifest.xml:48:9-52:77
87            android:name="com.firebase.ui.auth.ui.phone.PhoneActivity"
87-->[com.firebaseui:firebase-ui-auth:7.1.1] AndroidManifest.xml:49:13-71
88            android:exported="false"
88-->[com.firebaseui:firebase-ui-auth:7.1.1] AndroidManifest.xml:50:13-37
89            android:label="@string/fui_sign_in_with_phone_number"
89-->[com.firebaseui:firebase-ui-auth:7.1.1] AndroidManifest.xml:51:13-66
90            android:windowSoftInputMode="adjustResize|stateAlwaysVisible" />
90-->[com.firebaseui:firebase-ui-auth:7.1.1] AndroidManifest.xml:52:13-74
91        <activity
91-->[com.firebaseui:firebase-ui-auth:7.1.1] AndroidManifest.xml:53:9-57:58
92            android:name="com.firebase.ui.auth.ui.idp.WelcomeBackIdpPrompt"
92-->[com.firebaseui:firebase-ui-auth:7.1.1] AndroidManifest.xml:54:13-76
93            android:exported="false"
93-->[com.firebaseui:firebase-ui-auth:7.1.1] AndroidManifest.xml:55:13-37
94            android:label="@string/fui_title_welcome_back_idp_prompt"
94-->[com.firebaseui:firebase-ui-auth:7.1.1] AndroidManifest.xml:56:13-70
95            android:windowSoftInputMode="adjustResize" />
95-->[com.firebaseui:firebase-ui-auth:7.1.1] AndroidManifest.xml:57:13-55
96        <activity
96-->[com.firebaseui:firebase-ui-auth:7.1.1] AndroidManifest.xml:58:9-62:58
97            android:name="com.firebase.ui.auth.ui.email.WelcomeBackPasswordPrompt"
97-->[com.firebaseui:firebase-ui-auth:7.1.1] AndroidManifest.xml:59:13-83
98            android:exported="false"
98-->[com.firebaseui:firebase-ui-auth:7.1.1] AndroidManifest.xml:60:13-37
99            android:label="@string/fui_title_welcome_back_password_prompt"
99-->[com.firebaseui:firebase-ui-auth:7.1.1] AndroidManifest.xml:61:13-75
100            android:windowSoftInputMode="adjustResize" />
100-->[com.firebaseui:firebase-ui-auth:7.1.1] AndroidManifest.xml:62:13-55
101        <activity
101-->[com.firebaseui:firebase-ui-auth:7.1.1] AndroidManifest.xml:63:9-67:58
102            android:name="com.firebase.ui.auth.ui.email.WelcomeBackEmailLinkPrompt"
102-->[com.firebaseui:firebase-ui-auth:7.1.1] AndroidManifest.xml:64:13-84
103            android:exported="false"
103-->[com.firebaseui:firebase-ui-auth:7.1.1] AndroidManifest.xml:65:13-37
104            android:label="@string/fui_title_welcome_back_password_prompt"
104-->[com.firebaseui:firebase-ui-auth:7.1.1] AndroidManifest.xml:66:13-75
105            android:windowSoftInputMode="adjustResize" />
105-->[com.firebaseui:firebase-ui-auth:7.1.1] AndroidManifest.xml:67:13-55
106        <activity
106-->[com.firebaseui:firebase-ui-auth:7.1.1] AndroidManifest.xml:68:9-73:58
107            android:name="com.firebase.ui.auth.ui.email.EmailLinkCatcherActivity"
107-->[com.firebaseui:firebase-ui-auth:7.1.1] AndroidManifest.xml:69:13-82
108            android:exported="false"
108-->[com.firebaseui:firebase-ui-auth:7.1.1] AndroidManifest.xml:70:13-37
109            android:label=""
109-->[com.firebaseui:firebase-ui-auth:7.1.1] AndroidManifest.xml:71:13-29
110            android:theme="@style/FirebaseUI.Transparent"
110-->[com.firebaseui:firebase-ui-auth:7.1.1] AndroidManifest.xml:72:13-58
111            android:windowSoftInputMode="adjustResize" />
111-->[com.firebaseui:firebase-ui-auth:7.1.1] AndroidManifest.xml:73:13-55
112        <activity
112-->[com.firebaseui:firebase-ui-auth:7.1.1] AndroidManifest.xml:74:9-78:58
113            android:name="com.firebase.ui.auth.ui.email.EmailLinkErrorRecoveryActivity"
113-->[com.firebaseui:firebase-ui-auth:7.1.1] AndroidManifest.xml:75:13-88
114            android:exported="false"
114-->[com.firebaseui:firebase-ui-auth:7.1.1] AndroidManifest.xml:76:13-37
115            android:label="@string/fui_sign_in_default"
115-->[com.firebaseui:firebase-ui-auth:7.1.1] AndroidManifest.xml:77:13-56
116            android:windowSoftInputMode="adjustResize" />
116-->[com.firebaseui:firebase-ui-auth:7.1.1] AndroidManifest.xml:78:13-55
117        <activity
117-->[com.firebaseui:firebase-ui-auth:7.1.1] AndroidManifest.xml:79:9-82:65
118            android:name="com.firebase.ui.auth.ui.idp.AuthMethodPickerActivity"
118-->[com.firebaseui:firebase-ui-auth:7.1.1] AndroidManifest.xml:80:13-80
119            android:exported="false"
119-->[com.firebaseui:firebase-ui-auth:7.1.1] AndroidManifest.xml:81:13-37
120            android:label="@string/fui_default_toolbar_title" />
120-->[com.firebaseui:firebase-ui-auth:7.1.1] AndroidManifest.xml:82:13-62
121        <activity
121-->[com.firebaseui:firebase-ui-auth:7.1.1] AndroidManifest.xml:83:9-87:48
122            android:name="com.facebook.FacebookActivity"
122-->[com.firebaseui:firebase-ui-auth:7.1.1] AndroidManifest.xml:84:13-57
123            android:configChanges="keyboard|keyboardHidden|screenLayout|screenSize|orientation"
123-->[com.firebaseui:firebase-ui-auth:7.1.1] AndroidManifest.xml:85:13-96
124            android:label="@string/app_name" />
124-->[com.firebaseui:firebase-ui-auth:7.1.1] AndroidManifest.xml:86:13-45
125        <activity
125-->[com.firebaseui:firebase-ui-auth:7.1.1] AndroidManifest.xml:88:9-100:20
126            android:name="com.facebook.CustomTabActivity"
126-->[com.firebaseui:firebase-ui-auth:7.1.1] AndroidManifest.xml:89:13-58
127            android:exported="true" >
127-->[com.firebaseui:firebase-ui-auth:7.1.1] AndroidManifest.xml:90:13-36
128            <intent-filter>
128-->[com.firebaseui:firebase-ui-auth:7.1.1] AndroidManifest.xml:92:13-99:29
129                <action android:name="android.intent.action.VIEW" />
129-->[com.firebaseui:firebase-ui-auth:7.1.1] AndroidManifest.xml:93:17-69
129-->[com.firebaseui:firebase-ui-auth:7.1.1] AndroidManifest.xml:93:25-66
130
131                <category android:name="android.intent.category.DEFAULT" />
131-->[com.firebaseui:firebase-ui-auth:7.1.1] AndroidManifest.xml:95:17-76
131-->[com.firebaseui:firebase-ui-auth:7.1.1] AndroidManifest.xml:95:27-73
132                <category android:name="android.intent.category.BROWSABLE" />
132-->[com.firebaseui:firebase-ui-auth:7.1.1] AndroidManifest.xml:96:17-78
132-->[com.firebaseui:firebase-ui-auth:7.1.1] AndroidManifest.xml:96:27-75
133
134                <data android:scheme="@string/facebook_login_protocol_scheme" />
134-->[com.firebaseui:firebase-ui-auth:7.1.1] AndroidManifest.xml:98:17-81
134-->[com.firebaseui:firebase-ui-auth:7.1.1] AndroidManifest.xml:98:23-78
135            </intent-filter>
136        </activity>
137
138        <provider
138-->[com.firebaseui:firebase-ui-auth:7.1.1] AndroidManifest.xml:102:9-106:38
139            android:name="com.firebase.ui.auth.data.client.AuthUiInitProvider"
139-->[com.firebaseui:firebase-ui-auth:7.1.1] AndroidManifest.xml:103:13-79
140            android:authorities="es.upv.epsg.iot_g1_1.authuiinitprovider"
140-->[com.firebaseui:firebase-ui-auth:7.1.1] AndroidManifest.xml:104:13-70
141            android:exported="false"
141-->[com.firebaseui:firebase-ui-auth:7.1.1] AndroidManifest.xml:105:13-37
142            android:initOrder="90" />
142-->[com.firebaseui:firebase-ui-auth:7.1.1] AndroidManifest.xml:106:13-35
143
144        <activity
144-->[com.google.firebase:firebase-auth:21.1.0] AndroidManifest.xml:27:9-44:20
145            android:name="com.google.firebase.auth.internal.GenericIdpActivity"
145-->[com.google.firebase:firebase-auth:21.1.0] AndroidManifest.xml:28:13-80
146            android:excludeFromRecents="true"
146-->[com.google.firebase:firebase-auth:21.1.0] AndroidManifest.xml:29:13-46
147            android:exported="true"
147-->[com.google.firebase:firebase-auth:21.1.0] AndroidManifest.xml:30:13-36
148            android:launchMode="singleTask"
148-->[com.google.firebase:firebase-auth:21.1.0] AndroidManifest.xml:31:13-44
149            android:theme="@android:style/Theme.Translucent.NoTitleBar" >
149-->[com.google.firebase:firebase-auth:21.1.0] AndroidManifest.xml:32:13-72
150            <intent-filter>
150-->[com.google.firebase:firebase-auth:21.1.0] AndroidManifest.xml:33:13-43:29
151                <action android:name="android.intent.action.VIEW" />
151-->[com.firebaseui:firebase-ui-auth:7.1.1] AndroidManifest.xml:93:17-69
151-->[com.firebaseui:firebase-ui-auth:7.1.1] AndroidManifest.xml:93:25-66
152
153                <category android:name="android.intent.category.DEFAULT" />
153-->[com.firebaseui:firebase-ui-auth:7.1.1] AndroidManifest.xml:95:17-76
153-->[com.firebaseui:firebase-ui-auth:7.1.1] AndroidManifest.xml:95:27-73
154                <category android:name="android.intent.category.BROWSABLE" />
154-->[com.firebaseui:firebase-ui-auth:7.1.1] AndroidManifest.xml:96:17-78
154-->[com.firebaseui:firebase-ui-auth:7.1.1] AndroidManifest.xml:96:27-75
155
156                <data
156-->[com.firebaseui:firebase-ui-auth:7.1.1] AndroidManifest.xml:98:17-81
157                    android:host="firebase.auth"
158                    android:path="/"
159                    android:scheme="genericidp" />
159-->[com.firebaseui:firebase-ui-auth:7.1.1] AndroidManifest.xml:98:23-78
160            </intent-filter>
161        </activity>
162        <activity
162-->[com.google.firebase:firebase-auth:21.1.0] AndroidManifest.xml:45:9-62:20
163            android:name="com.google.firebase.auth.internal.RecaptchaActivity"
163-->[com.google.firebase:firebase-auth:21.1.0] AndroidManifest.xml:46:13-79
164            android:excludeFromRecents="true"
164-->[com.google.firebase:firebase-auth:21.1.0] AndroidManifest.xml:47:13-46
165            android:exported="true"
165-->[com.google.firebase:firebase-auth:21.1.0] AndroidManifest.xml:48:13-36
166            android:launchMode="singleTask"
166-->[com.google.firebase:firebase-auth:21.1.0] AndroidManifest.xml:49:13-44
167            android:theme="@android:style/Theme.Translucent.NoTitleBar" >
167-->[com.google.firebase:firebase-auth:21.1.0] AndroidManifest.xml:50:13-72
168            <intent-filter>
168-->[com.google.firebase:firebase-auth:21.1.0] AndroidManifest.xml:51:13-61:29
169                <action android:name="android.intent.action.VIEW" />
169-->[com.firebaseui:firebase-ui-auth:7.1.1] AndroidManifest.xml:93:17-69
169-->[com.firebaseui:firebase-ui-auth:7.1.1] AndroidManifest.xml:93:25-66
170
171                <category android:name="android.intent.category.DEFAULT" />
171-->[com.firebaseui:firebase-ui-auth:7.1.1] AndroidManifest.xml:95:17-76
171-->[com.firebaseui:firebase-ui-auth:7.1.1] AndroidManifest.xml:95:27-73
172                <category android:name="android.intent.category.BROWSABLE" />
172-->[com.firebaseui:firebase-ui-auth:7.1.1] AndroidManifest.xml:96:17-78
172-->[com.firebaseui:firebase-ui-auth:7.1.1] AndroidManifest.xml:96:27-75
173
174                <data
174-->[com.firebaseui:firebase-ui-auth:7.1.1] AndroidManifest.xml:98:17-81
175                    android:host="firebase.auth"
176                    android:path="/"
177                    android:scheme="recaptcha" />
177-->[com.firebaseui:firebase-ui-auth:7.1.1] AndroidManifest.xml:98:23-78
178            </intent-filter>
179        </activity>
180
181        <service
181-->[com.google.firebase:firebase-auth:21.1.0] AndroidManifest.xml:64:9-70:19
182            android:name="com.google.firebase.components.ComponentDiscoveryService"
182-->[com.google.firebase:firebase-auth:21.1.0] AndroidManifest.xml:65:13-84
183            android:directBootAware="true"
183-->[com.google.firebase:firebase-common:20.2.0] AndroidManifest.xml:34:13-43
184            android:exported="false" >
184-->[com.google.firebase:firebase-auth:21.1.0] AndroidManifest.xml:66:13-37
185            <meta-data
185-->[com.google.firebase:firebase-auth:21.1.0] AndroidManifest.xml:67:13-69:85
186                android:name="com.google.firebase.components:com.google.firebase.auth.FirebaseAuthRegistrar"
186-->[com.google.firebase:firebase-auth:21.1.0] AndroidManifest.xml:68:17-109
187                android:value="com.google.firebase.components.ComponentRegistrar" />
187-->[com.google.firebase:firebase-auth:21.1.0] AndroidManifest.xml:69:17-82
188            <meta-data
188-->[com.google.android.gms:play-services-measurement-api:21.2.0] AndroidManifest.xml:31:13-33:85
189                android:name="com.google.firebase.components:com.google.firebase.analytics.connector.internal.AnalyticsConnectorRegistrar"
189-->[com.google.android.gms:play-services-measurement-api:21.2.0] AndroidManifest.xml:32:17-139
190                android:value="com.google.firebase.components.ComponentRegistrar" />
190-->[com.google.android.gms:play-services-measurement-api:21.2.0] AndroidManifest.xml:33:17-82
191            <meta-data
191-->[com.google.firebase:firebase-installations:17.1.0] AndroidManifest.xml:17:13-19:85
192                android:name="com.google.firebase.components:com.google.firebase.installations.FirebaseInstallationsRegistrar"
192-->[com.google.firebase:firebase-installations:17.1.0] AndroidManifest.xml:18:17-127
193                android:value="com.google.firebase.components.ComponentRegistrar" />
193-->[com.google.firebase:firebase-installations:17.1.0] AndroidManifest.xml:19:17-82
194        </service>
195
196        <provider
196-->[com.google.firebase:firebase-common:20.2.0] AndroidManifest.xml:25:9-30:39
197            android:name="com.google.firebase.provider.FirebaseInitProvider"
197-->[com.google.firebase:firebase-common:20.2.0] AndroidManifest.xml:26:13-77
198            android:authorities="es.upv.epsg.iot_g1_1.firebaseinitprovider"
198-->[com.google.firebase:firebase-common:20.2.0] AndroidManifest.xml:27:13-72
199            android:directBootAware="true"
199-->[com.google.firebase:firebase-common:20.2.0] AndroidManifest.xml:28:13-43
200            android:exported="false"
200-->[com.google.firebase:firebase-common:20.2.0] AndroidManifest.xml:29:13-37
201            android:initOrder="100" />
201-->[com.google.firebase:firebase-common:20.2.0] AndroidManifest.xml:30:13-36
202
203        <activity
203-->[com.google.android.gms:play-services-auth:19.0.0] AndroidManifest.xml:23:9-27:75
204            android:name="com.google.android.gms.auth.api.signin.internal.SignInHubActivity"
204-->[com.google.android.gms:play-services-auth:19.0.0] AndroidManifest.xml:24:13-93
205            android:excludeFromRecents="true"
205-->[com.google.android.gms:play-services-auth:19.0.0] AndroidManifest.xml:25:13-46
206            android:exported="false"
206-->[com.google.android.gms:play-services-auth:19.0.0] AndroidManifest.xml:26:13-37
207            android:theme="@android:style/Theme.Translucent.NoTitleBar" />
207-->[com.google.android.gms:play-services-auth:19.0.0] AndroidManifest.xml:27:13-72
208        <!--
209            Service handling Google Sign-In user revocation. For apps that do not integrate with
210            Google Sign-In, this service will never be started.
211        -->
212        <service
212-->[com.google.android.gms:play-services-auth:19.0.0] AndroidManifest.xml:33:9-37:51
213            android:name="com.google.android.gms.auth.api.signin.RevocationBoundService"
213-->[com.google.android.gms:play-services-auth:19.0.0] AndroidManifest.xml:34:13-89
214            android:exported="true"
214-->[com.google.android.gms:play-services-auth:19.0.0] AndroidManifest.xml:35:13-36
215            android:permission="com.google.android.gms.auth.api.signin.permission.REVOCATION_NOTIFICATION"
215-->[com.google.android.gms:play-services-auth:19.0.0] AndroidManifest.xml:36:13-107
216            android:visibleToInstantApps="true" />
216-->[com.google.android.gms:play-services-auth:19.0.0] AndroidManifest.xml:37:13-48
217
218        <activity
218-->[com.google.android.gms:play-services-base:17.1.0] AndroidManifest.xml:23:9-26:75
219            android:name="com.google.android.gms.common.api.GoogleApiActivity"
219-->[com.google.android.gms:play-services-base:17.1.0] AndroidManifest.xml:24:13-79
220            android:exported="false"
220-->[com.google.android.gms:play-services-base:17.1.0] AndroidManifest.xml:25:13-37
221            android:theme="@android:style/Theme.Translucent.NoTitleBar" />
221-->[com.google.android.gms:play-services-base:17.1.0] AndroidManifest.xml:26:13-72
222
223        <receiver
223-->[com.google.android.gms:play-services-measurement:21.2.0] AndroidManifest.xml:29:9-33:20
224            android:name="com.google.android.gms.measurement.AppMeasurementReceiver"
224-->[com.google.android.gms:play-services-measurement:21.2.0] AndroidManifest.xml:30:13-85
225            android:enabled="true"
225-->[com.google.android.gms:play-services-measurement:21.2.0] AndroidManifest.xml:31:13-35
226            android:exported="false" >
226-->[com.google.android.gms:play-services-measurement:21.2.0] AndroidManifest.xml:32:13-37
227        </receiver>
228
229        <service
229-->[com.google.android.gms:play-services-measurement:21.2.0] AndroidManifest.xml:35:9-38:40
230            android:name="com.google.android.gms.measurement.AppMeasurementService"
230-->[com.google.android.gms:play-services-measurement:21.2.0] AndroidManifest.xml:36:13-84
231            android:enabled="true"
231-->[com.google.android.gms:play-services-measurement:21.2.0] AndroidManifest.xml:37:13-35
232            android:exported="false" />
232-->[com.google.android.gms:play-services-measurement:21.2.0] AndroidManifest.xml:38:13-37
233        <service
233-->[com.google.android.gms:play-services-measurement:21.2.0] AndroidManifest.xml:39:9-43:72
234            android:name="com.google.android.gms.measurement.AppMeasurementJobService"
234-->[com.google.android.gms:play-services-measurement:21.2.0] AndroidManifest.xml:40:13-87
235            android:enabled="true"
235-->[com.google.android.gms:play-services-measurement:21.2.0] AndroidManifest.xml:41:13-35
236            android:exported="false"
236-->[com.google.android.gms:play-services-measurement:21.2.0] AndroidManifest.xml:42:13-37
237            android:permission="android.permission.BIND_JOB_SERVICE" />
237-->[com.google.android.gms:play-services-measurement:21.2.0] AndroidManifest.xml:43:13-69
238
239        <provider
239-->[androidx.emoji2:emoji2:1.2.0] AndroidManifest.xml:24:9-32:20
240            android:name="androidx.startup.InitializationProvider"
240-->[androidx.emoji2:emoji2:1.2.0] AndroidManifest.xml:25:13-67
241            android:authorities="es.upv.epsg.iot_g1_1.androidx-startup"
241-->[androidx.emoji2:emoji2:1.2.0] AndroidManifest.xml:26:13-68
242            android:exported="false" >
242-->[androidx.emoji2:emoji2:1.2.0] AndroidManifest.xml:27:13-37
243            <meta-data
243-->[androidx.emoji2:emoji2:1.2.0] AndroidManifest.xml:29:13-31:52
244                android:name="androidx.emoji2.text.EmojiCompatInitializer"
244-->[androidx.emoji2:emoji2:1.2.0] AndroidManifest.xml:30:17-75
245                android:value="androidx.startup" />
245-->[androidx.emoji2:emoji2:1.2.0] AndroidManifest.xml:31:17-49
246            <meta-data
246-->[androidx.lifecycle:lifecycle-process:2.4.1] AndroidManifest.xml:31:13-33:52
247                android:name="androidx.lifecycle.ProcessLifecycleInitializer"
247-->[androidx.lifecycle:lifecycle-process:2.4.1] AndroidManifest.xml:32:17-78
248                android:value="androidx.startup" />
248-->[androidx.lifecycle:lifecycle-process:2.4.1] AndroidManifest.xml:33:17-49
249        </provider>
250    </application>
251
252</manifest>